<?xml version="1.0" encoding="UTF-8"?>
<coverage generated="1744789808917" clover="3.2.0">
  <project timestamp="1744789808918" name="All files">
    <metrics statements="70" coveredstatements="58" conditionals="31" coveredconditionals="30" methods="5" coveredmethods="4" elements="106" coveredelements="92" complexity="0" loc="70" ncloc="70" packages="3" files="3" classes="3"/>
    <package name="one-question-per-day">
      <metrics statements="12" coveredstatements="0" conditionals="1" coveredconditionals="0" methods="1" coveredmethods="0"/>
      <file name="problem.js" path="/Users/shemingcong/Downloads/one-question-per-day/problem.js">
        <metrics statements="12" coveredstatements="0" conditionals="1" coveredconditionals="0" methods="1" coveredmethods="0"/>
        <line num="1" count="0" type="cond" truecount="0" falsecount="1"/>
        <line num="2" count="0" type="stmt"/>
        <line num="3" count="0" type="stmt"/>
        <line num="4" count="0" type="stmt"/>
        <line num="5" count="0" type="stmt"/>
        <line num="6" count="0" type="stmt"/>
        <line num="7" count="0" type="stmt"/>
        <line num="8" count="0" type="stmt"/>
        <line num="9" count="0" type="stmt"/>
        <line num="10" count="0" type="stmt"/>
        <line num="11" count="0" type="stmt"/>
        <line num="12" count="0" type="stmt"/>
      </file>
    </package>
    <package name="one-question-per-day.__SPEC__.04.16">
      <metrics statements="29" coveredstatements="29" conditionals="15" coveredconditionals="15" methods="2" coveredmethods="2"/>
      <file name="Merge_Sort.js" path="/Users/shemingcong/Downloads/one-question-per-day/__SPEC__/04.16/Merge_Sort.js">
        <metrics statements="29" coveredstatements="29" conditionals="15" coveredconditionals="15" methods="2" coveredmethods="2"/>
        <line num="1" count="1" type="stmt"/>
        <line num="2" count="1" type="stmt"/>
        <line num="3" count="1" type="stmt"/>
        <line num="4" count="1" type="stmt"/>
        <line num="5" count="1" type="stmt"/>
        <line num="6" count="1" type="stmt"/>
        <line num="7" count="1" type="stmt"/>
        <line num="8" count="1" type="stmt"/>
        <line num="9" count="1" type="stmt"/>
        <line num="10" count="1" type="cond" truecount="1" falsecount="0"/>
        <line num="11" count="8" type="stmt"/>
        <line num="12" count="8" type="stmt"/>
        <line num="14" count="8" type="cond" truecount="1" falsecount="0"/>
        <line num="15" count="62" type="cond" truecount="2" falsecount="0"/>
        <line num="16" count="27" type="stmt"/>
        <line num="18" count="27" type="stmt"/>
        <line num="20" count="27" type="stmt"/>
        <line num="21" count="27" type="stmt"/>
        <line num="22" count="27" type="stmt"/>
        <line num="24" count="62" type="cond" truecount="2" falsecount="0"/>
        <line num="25" count="49" type="cond" truecount="2" falsecount="0"/>
        <line num="26" count="25" type="stmt"/>
        <line num="27" count="49" type="cond" truecount="1" falsecount="0"/>
        <line num="29" count="62" type="cond" truecount="2" falsecount="0"/>
        <line num="30" count="62" type="cond" truecount="2" falsecount="0"/>
        <line num="32" count="62" type="cond" truecount="2" falsecount="0"/>
        <line num="33" count="62" type="stmt"/>
        <line num="35" count="8" type="stmt"/>
        <line num="36" count="8" type="stmt"/>
      </file>
    </package>
    <package name="one-question-per-day.src.seam.04.16">
      <metrics statements="29" coveredstatements="29" conditionals="15" coveredconditionals="15" methods="2" coveredmethods="2"/>
      <file name="Merge_Sort.js" path="/Users/shemingcong/Downloads/one-question-per-day/src/seam/04.16/Merge_Sort.js">
        <metrics statements="29" coveredstatements="29" conditionals="15" coveredconditionals="15" methods="2" coveredmethods="2"/>
        <line num="1" count="1" type="stmt"/>
        <line num="2" count="1" type="stmt"/>
        <line num="3" count="1" type="stmt"/>
        <line num="4" count="1" type="stmt"/>
        <line num="5" count="1" type="stmt"/>
        <line num="6" count="1" type="stmt"/>
        <line num="7" count="1" type="stmt"/>
        <line num="8" count="1" type="stmt"/>
        <line num="9" count="1" type="stmt"/>
        <line num="10" count="1" type="cond" truecount="1" falsecount="0"/>
        <line num="11" count="9" type="stmt"/>
        <line num="12" count="9" type="stmt"/>
        <line num="14" count="9" type="cond" truecount="1" falsecount="0"/>
        <line num="15" count="81" type="cond" truecount="2" falsecount="0"/>
        <line num="16" count="36" type="stmt"/>
        <line num="18" count="36" type="stmt"/>
        <line num="20" count="36" type="stmt"/>
        <line num="21" count="36" type="stmt"/>
        <line num="22" count="36" type="stmt"/>
        <line num="24" count="81" type="cond" truecount="2" falsecount="0"/>
        <line num="25" count="71" type="cond" truecount="2" falsecount="0"/>
        <line num="26" count="31" type="stmt"/>
        <line num="27" count="71" type="cond" truecount="1" falsecount="0"/>
        <line num="29" count="81" type="cond" truecount="2" falsecount="0"/>
        <line num="30" count="81" type="cond" truecount="2" falsecount="0"/>
        <line num="32" count="81" type="cond" truecount="2" falsecount="0"/>
        <line num="33" count="81" type="stmt"/>
        <line num="35" count="9" type="stmt"/>
        <line num="36" count="9" type="stmt"/>
      </file>
    </package>
  </project>
</coverage>
