<?xml version="1.0" encoding="UTF-8"?>
<coverage generated="1744782794777" clover="3.2.0">
  <project timestamp="1744782794777" name="All files">
    <metrics statements="29" coveredstatements="29" conditionals="15" coveredconditionals="15" methods="2" coveredmethods="2" elements="46" coveredelements="46" complexity="0" loc="29" ncloc="29" packages="1" files="1" classes="1"/>
    <file name="Merge_Sort.js" path="/Users/shemingcong/Downloads/one-question-per-day/src/seam/04.16/Merge_Sort.js">
      <metrics statements="29" coveredstatements="29" conditionals="15" coveredconditionals="15" methods="2" coveredmethods="2"/>
      <line num="1" count="1" type="stmt"/>
      <line num="2" count="1" type="stmt"/>
      <line num="3" count="1" type="stmt"/>
      <line num="4" count="1" type="stmt"/>
      <line num="5" count="1" type="stmt"/>
      <line num="6" count="1" type="stmt"/>
      <line num="7" count="1" type="stmt"/>
      <line num="8" count="1" type="stmt"/>
      <line num="9" count="1" type="stmt"/>
      <line num="10" count="1" type="cond" truecount="1" falsecount="0"/>
      <line num="11" count="9" type="stmt"/>
      <line num="12" count="9" type="stmt"/>
      <line num="14" count="9" type="cond" truecount="1" falsecount="0"/>
      <line num="15" count="81" type="cond" truecount="2" falsecount="0"/>
      <line num="16" count="36" type="stmt"/>
      <line num="18" count="36" type="stmt"/>
      <line num="20" count="36" type="stmt"/>
      <line num="21" count="36" type="stmt"/>
      <line num="22" count="36" type="stmt"/>
      <line num="24" count="81" type="cond" truecount="2" falsecount="0"/>
      <line num="25" count="71" type="cond" truecount="2" falsecount="0"/>
      <line num="26" count="31" type="stmt"/>
      <line num="27" count="71" type="cond" truecount="1" falsecount="0"/>
      <line num="29" count="81" type="cond" truecount="2" falsecount="0"/>
      <line num="30" count="81" type="cond" truecount="2" falsecount="0"/>
      <line num="32" count="81" type="cond" truecount="2" falsecount="0"/>
      <line num="33" count="81" type="stmt"/>
      <line num="35" count="9" type="stmt"/>
      <line num="36" count="9" type="stmt"/>
    </file>
  </project>
</coverage>
