{
  "D:\\code\\one-question-per-day\\src\\gcy\\04.16\\Merge_Sort.js": {
    "path": "D:\\code\\one-question-per-day\\src\\gcy\\04.16\\Merge_Sort.js",
    "all": false,
    "statementMap": {
      "0": { "start": { "line": 1, "column": 0 }, "end": { "line": 1, "column": 3 } },
      "1": { "start": { "line": 2, "column": 0 }, "end": { "line": 2, "column": 24 } },
      "2": { "start": { "line": 3, "column": 0 }, "end": { "line": 3, "column": 2 } },
      "3": { "start": { "line": 4, "column": 0 }, "end": { "line": 4, "column": 59 } },
      "4": { "start": { "line": 5, "column": 0 }, "end": { "line": 5, "column": 22 } },
      "5": { "start": { "line": 6, "column": 0 }, "end": { "line": 6, "column": 2 } },
      "6": { "start": { "line": 7, "column": 0 }, "end": { "line": 7, "column": 5 } },
      "7": { "start": { "line": 8, "column": 0 }, "end": { "line": 8, "column": 23 } },
      "8": { "start": { "line": 9, "column": 0 }, "end": { "line": 9, "column": 3 } },
      "9": { "start": { "line": 10, "column": 0 }, "end": { "line": 10, "column": 40 } },
      "10": { "start": { "line": 11, "column": 0 }, "end": { "line": 11, "column": 36 } },
      "11": { "start": { "line": 12, "column": 0 }, "end": { "line": 12, "column": 15 } },
      "12": { "start": { "line": 13, "column": 0 }, "end": { "line": 13, "column": 15 } },
      "13": { "start": { "line": 14, "column": 0 }, "end": { "line": 14, "column": 15 } },
      "14": { "start": { "line": 15, "column": 0 }, "end": { "line": 15, "column": 49 } },
      "15": { "start": { "line": 16, "column": 0 }, "end": { "line": 16, "column": 33 } },
      "16": { "start": { "line": 17, "column": 0 }, "end": { "line": 17, "column": 29 } },
      "17": { "start": { "line": 18, "column": 0 }, "end": { "line": 18, "column": 16 } },
      "18": { "start": { "line": 19, "column": 0 }, "end": { "line": 19, "column": 16 } },
      "19": { "start": { "line": 20, "column": 0 }, "end": { "line": 20, "column": 30 } },
      "20": { "start": { "line": 21, "column": 0 }, "end": { "line": 21, "column": 16 } },
      "21": { "start": { "line": 22, "column": 0 }, "end": { "line": 22, "column": 9 } },
      "22": { "start": { "line": 23, "column": 0 }, "end": { "line": 23, "column": 12 } },
      "23": { "start": { "line": 24, "column": 0 }, "end": { "line": 24, "column": 5 } },
      "24": { "start": { "line": 25, "column": 0 }, "end": { "line": 25, "column": 29 } },
      "25": { "start": { "line": 26, "column": 0 }, "end": { "line": 26, "column": 25 } },
      "26": { "start": { "line": 27, "column": 0 }, "end": { "line": 27, "column": 12 } },
      "27": { "start": { "line": 28, "column": 0 }, "end": { "line": 28, "column": 12 } },
      "28": { "start": { "line": 29, "column": 0 }, "end": { "line": 29, "column": 5 } },
      "29": { "start": { "line": 30, "column": 0 }, "end": { "line": 30, "column": 30 } },
      "30": { "start": { "line": 31, "column": 0 }, "end": { "line": 31, "column": 26 } },
      "31": { "start": { "line": 32, "column": 0 }, "end": { "line": 32, "column": 12 } },
      "32": { "start": { "line": 33, "column": 0 }, "end": { "line": 33, "column": 12 } },
      "33": { "start": { "line": 34, "column": 0 }, "end": { "line": 34, "column": 5 } },
      "34": { "start": { "line": 35, "column": 0 }, "end": { "line": 35, "column": 3 } },
      "35": { "start": { "line": 36, "column": 0 }, "end": { "line": 36, "column": 24 } },
      "36": { "start": { "line": 37, "column": 0 }, "end": { "line": 37, "column": 43 } },
      "37": { "start": { "line": 38, "column": 0 }, "end": { "line": 38, "column": 35 } },
      "38": { "start": { "line": 39, "column": 0 }, "end": { "line": 39, "column": 33 } },
      "39": { "start": { "line": 40, "column": 0 }, "end": { "line": 40, "column": 20 } },
      "40": { "start": { "line": 41, "column": 0 }, "end": { "line": 41, "column": 21 } },
      "41": { "start": { "line": 42, "column": 0 }, "end": { "line": 42, "column": 28 } },
      "42": { "start": { "line": 43, "column": 0 }, "end": { "line": 43, "column": 3 } },
      "43": { "start": { "line": 44, "column": 0 }, "end": { "line": 44, "column": 1 } }
    },
    "s": {
      "0": 1,
      "1": 1,
      "2": 1,
      "3": 1,
      "4": 1,
      "5": 1,
      "6": 1,
      "7": 1,
      "8": 1,
      "9": 1,
      "10": 62,
      "11": 27,
      "12": 27,
      "13": 27,
      "14": 27,
      "15": 48,
      "16": 20,
      "17": 20,
      "18": 48,
      "19": 28,
      "20": 28,
      "21": 28,
      "22": 48,
      "23": 48,
      "24": 27,
      "25": 16,
      "26": 16,
      "27": 16,
      "28": 16,
      "29": 27,
      "30": 20,
      "31": 20,
      "32": 20,
      "33": 20,
      "34": 27,
      "35": 62,
      "36": 27,
      "37": 27,
      "38": 27,
      "39": 27,
      "40": 27,
      "41": 27,
      "42": 27,
      "43": 62
    },
    "branchMap": {
      "0": {
        "type": "branch",
        "line": 10,
        "loc": {
          "start": { "line": 10, "column": 15 },
          "end": { "line": 44, "column": 1 }
        },
        "locations": [
          { "start": { "line": 10, "column": 15 }, "end": { "line": 44, "column": 1 } }
        ]
      },
      "1": {
        "type": "branch",
        "line": 36,
        "loc": {
          "start": { "line": 36, "column": 23 },
          "end": { "line": 43, "column": 3 }
        },
        "locations": [
          { "start": { "line": 36, "column": 23 }, "end": { "line": 43, "column": 3 } }
        ]
      },
      "2": {
        "type": "branch",
        "line": 11,
        "loc": {
          "start": { "line": 11, "column": 2 },
          "end": { "line": 35, "column": 3 }
        },
        "locations": [
          { "start": { "line": 11, "column": 2 }, "end": { "line": 35, "column": 3 } }
        ]
      },
      "3": {
        "type": "branch",
        "line": 15,
        "loc": {
          "start": { "line": 15, "column": 27 },
          "end": { "line": 15, "column": 46 }
        },
        "locations": [
          { "start": { "line": 15, "column": 27 }, "end": { "line": 15, "column": 46 } }
        ]
      },
      "4": {
        "type": "branch",
        "line": 15,
        "loc": {
          "start": { "line": 15, "column": 48 },
          "end": { "line": 24, "column": 5 }
        },
        "locations": [
          { "start": { "line": 15, "column": 48 }, "end": { "line": 24, "column": 5 } }
        ]
      },
      "5": {
        "type": "branch",
        "line": 16,
        "loc": {
          "start": { "line": 16, "column": 32 },
          "end": { "line": 19, "column": 9 }
        },
        "locations": [
          { "start": { "line": 16, "column": 32 }, "end": { "line": 19, "column": 9 } }
        ]
      },
      "6": {
        "type": "branch",
        "line": 19,
        "loc": {
          "start": { "line": 19, "column": 9 },
          "end": { "line": 22, "column": 9 }
        },
        "locations": [
          { "start": { "line": 19, "column": 9 }, "end": { "line": 22, "column": 9 } }
        ]
      },
      "7": {
        "type": "branch",
        "line": 25,
        "loc": {
          "start": { "line": 25, "column": 28 },
          "end": { "line": 29, "column": 5 }
        },
        "locations": [
          { "start": { "line": 25, "column": 28 }, "end": { "line": 29, "column": 5 } }
        ]
      },
      "8": {
        "type": "branch",
        "line": 30,
        "loc": {
          "start": { "line": 30, "column": 29 },
          "end": { "line": 34, "column": 5 }
        },
        "locations": [
          { "start": { "line": 30, "column": 29 }, "end": { "line": 34, "column": 5 } }
        ]
      }
    },
    "b": {
      "0": [62],
      "1": [27],
      "2": [27],
      "3": [61],
      "4": [48],
      "5": [20],
      "6": [28],
      "7": [16],
      "8": [20]
    },
    "fnMap": {
      "0": {
        "name": "mergeSort",
        "decl": {
          "start": { "line": 10, "column": 15 },
          "end": { "line": 44, "column": 1 }
        },
        "loc": {
          "start": { "line": 10, "column": 15 },
          "end": { "line": 44, "column": 1 }
        },
        "line": 10
      },
      "1": {
        "name": "merge",
        "decl": {
          "start": { "line": 11, "column": 2 },
          "end": { "line": 35, "column": 3 }
        },
        "loc": {
          "start": { "line": 11, "column": 2 },
          "end": { "line": 35, "column": 3 }
        },
        "line": 11
      }
    },
    "f": { "0": 62, "1": 27 }
  }
}
