{"/Users/shemingcong/Downloads/one-question-per-day/src/seam/04.16/Merge_Sort.js": {"path":"/Users/shemingcong/Downloads/one-question-per-day/src/seam/04.16/Merge_Sort.js","all":false,"statementMap":{"0":{"start":{"line":1,"column":0},"end":{"line":1,"column":3}},"1":{"start":{"line":2,"column":0},"end":{"line":2,"column":24}},"2":{"start":{"line":3,"column":0},"end":{"line":3,"column":2}},"3":{"start":{"line":4,"column":0},"end":{"line":4,"column":59}},"4":{"start":{"line":5,"column":0},"end":{"line":5,"column":22}},"5":{"start":{"line":6,"column":0},"end":{"line":6,"column":2}},"6":{"start":{"line":7,"column":0},"end":{"line":7,"column":5}},"7":{"start":{"line":8,"column":0},"end":{"line":8,"column":23}},"8":{"start":{"line":9,"column":0},"end":{"line":9,"column":3}},"9":{"start":{"line":10,"column":0},"end":{"line":10,"column":40}},"10":{"start":{"line":11,"column":0},"end":{"line":11,"column":12}},"11":{"start":{"line":12,"column":0},"end":{"line":12,"column":22}},"13":{"start":{"line":14,"column":0},"end":{"line":14,"column":30}},"14":{"start":{"line":15,"column":0},"end":{"line":15,"column":22}},"15":{"start":{"line":16,"column":0},"end":{"line":16,"column":28}},"17":{"start":{"line":18,"column":0},"end":{"line":18,"column":48}},"19":{"start":{"line":20,"column":0},"end":{"line":20,"column":14}},"20":{"start":{"line":21,"column":0},"end":{"line":21,"column":17}},"21":{"start":{"line":22,"column":0},"end":{"line":22,"column":18}},"23":{"start":{"line":24,"column":0},"end":{"line":24,"column":32}},"24":{"start":{"line":25,"column":0},"end":{"line":25,"column":45}},"25":{"start":{"line":26,"column":0},"end":{"line":26,"column":29}},"26":{"start":{"line":27,"column":0},"end":{"line":27,"column":5}},"28":{"start":{"line":29,"column":0},"end":{"line":29,"column":39}},"29":{"start":{"line":30,"column":0},"end":{"line":30,"column":37}},"31":{"start":{"line":32,"column":0},"end":{"line":32,"column":60}},"32":{"start":{"line":33,"column":0},"end":{"line":33,"column":3}},"34":{"start":{"line":35,"column":0},"end":{"line":35,"column":19}},"35":{"start":{"line":36,"column":0},"end":{"line":36,"column":1}}},"s":{"0":1,"1":1,"2":1,"3":1,"4":1,"5":1,"6":1,"7":1,"8":1,"9":1,"10":9,"11":9,"13":9,"14":81,"15":36,"17":36,"19":36,"20":36,"21":36,"23":81,"24":71,"25":31,"26":71,"28":81,"29":81,"31":81,"32":81,"34":9,"35":9},"branchMap":{"0":{"type":"branch","line":10,"loc":{"start":{"line":10,"column":15},"end":{"line":36,"column":1}},"locations":[{"start":{"line":10,"column":15},"end":{"line":36,"column":1}}]},"1":{"type":"branch","line":14,"loc":{"start":{"line":14,"column":2},"end":{"line":33,"column":3}},"locations":[{"start":{"line":14,"column":2},"end":{"line":33,"column":3}}]},"2":{"type":"branch","line":15,"loc":{"start":{"line":15,"column":16},"end":{"line":15,"column":22}},"locations":[{"start":{"line":15,"column":16},"end":{"line":15,"column":22}}]},"3":{"type":"branch","line":15,"loc":{"start":{"line":15,"column":16},"end":{"line":24,"column":20}},"locations":[{"start":{"line":15,"column":16},"end":{"line":24,"column":20}}]},"4":{"type":"branch","line":24,"loc":{"start":{"line":24,"column":20},"end":{"line":24,"column":29}},"locations":[{"start":{"line":24,"column":20},"end":{"line":24,"column":29}}]},"5":{"type":"branch","line":24,"loc":{"start":{"line":24,"column":31},"end":{"line":27,"column":5}},"locations":[{"start":{"line":24,"column":31},"end":{"line":27,"column":5}}]},"6":{"type":"branch","line":25,"loc":{"start":{"line":25,"column":27},"end":{"line":25,"column":45}},"locations":[{"start":{"line":25,"column":27},"end":{"line":25,"column":45}}]},"7":{"type":"branch","line":25,"loc":{"start":{"line":25,"column":44},"end":{"line":26,"column":29}},"locations":[{"start":{"line":25,"column":44},"end":{"line":26,"column":29}}]},"8":{"type":"branch","line":27,"loc":{"start":{"line":27,"column":4},"end":{"line":29,"column":21}},"locations":[{"start":{"line":27,"column":4},"end":{"line":29,"column":21}}]},"9":{"type":"branch","line":29,"loc":{"start":{"line":29,"column":21},"end":{"line":29,"column":39}},"locations":[{"start":{"line":29,"column":21},"end":{"line":29,"column":39}}]},"10":{"type":"branch","line":29,"loc":{"start":{"line":29,"column":38},"end":{"line":30,"column":19}},"locations":[{"start":{"line":29,"column":38},"end":{"line":30,"column":19}}]},"11":{"type":"branch","line":30,"loc":{"start":{"line":30,"column":19},"end":{"line":30,"column":37}},"locations":[{"start":{"line":30,"column":19},"end":{"line":30,"column":37}}]},"12":{"type":"branch","line":30,"loc":{"start":{"line":30,"column":36},"end":{"line":32,"column":45}},"locations":[{"start":{"line":30,"column":36},"end":{"line":32,"column":45}}]},"13":{"type":"branch","line":32,"loc":{"start":{"line":32,"column":45},"end":{"line":32,"column":60}},"locations":[{"start":{"line":32,"column":45},"end":{"line":32,"column":60}}]},"14":{"type":"branch","line":32,"loc":{"start":{"line":32,"column":59},"end":{"line":33,"column":2}},"locations":[{"start":{"line":32,"column":59},"end":{"line":33,"column":2}}]}},"b":{"0":[9],"1":[81],"2":[45],"3":[36],"4":[91],"5":[71],"6":[40],"7":[31],"8":[36],"9":[27],"10":[36],"11":[20],"12":[36],"13":[118],"14":[36]},"fnMap":{"0":{"name":"mergeSort","decl":{"start":{"line":10,"column":15},"end":{"line":36,"column":1}},"loc":{"start":{"line":10,"column":15},"end":{"line":36,"column":1}},"line":10},"1":{"name":"_merge","decl":{"start":{"line":14,"column":2},"end":{"line":33,"column":3}},"loc":{"start":{"line":14,"column":2},"end":{"line":33,"column":3}},"line":14}},"f":{"0":9,"1":81}}
}
